# JRE version: OpenJDK Runtime Environment (11.0.8+10) (build 11.0.8+10-b944.6842174)
# Java VM: OpenJDK 64-Bit Server VM (11.0.8+10-b944.6842174, mixed mode, tiered, compressed oops, g1 gc, windows-amd64)
Heap:
 garbage-first heap   total 318464K, used 162303K [0x0000000080000000, 0x0000000100000000)
  region size 1024K, 18 young (18432K), 2 survivors (2048K)
 Metaspace       used 148684K, capacity 152918K, committed 153804K, reserved 1183744K
  class space    used 18015K, capacity 19443K, committed 19712K, reserved 1048576K
GC Heap History (20 events):
Event: 9483.780 GC heap before
{Heap before GC invocations=195 (full 0):
 garbage-first heap   total 243712K, used 175284K [0x0000000080000000, 0x0000000100000000)
  region size 1024K, 26 young (26624K), 2 survivors (2048K)
 Metaspace       used 143697K, capacity 147867K, committed 149068K, reserved 1179648K
  class space    used 17600K, capacity 19022K, committed 19328K, reserved 1048576K
}
Event: 9483.819 GC heap after
{Heap after GC invocations=196 (full 0):
 garbage-first heap   total 243712K, used 157129K [0x0000000080000000, 0x0000000100000000)
  region size 1024K, 5 young (5120K), 5 survivors (5120K)
 Metaspace       used 143697K, capacity 147867K, committed 149068K, reserved 1179648K
  class space    used 17600K, capacity 19022K, committed 19328K, reserved 1048576K
}
Event: 9486.397 GC heap before
{Heap before GC invocations=197 (full 0):
 garbage-first heap   total 243712K, used 206281K [0x0000000080000000, 0x0000000100000000)
  region size 1024K, 40 young (40960K), 5 survivors (5120K)
 Metaspace       used 145622K, capacity 149787K, committed 150732K, reserved 1181696K
  class space    used 17749K, capacity 19161K, committed 19456K, reserved 1048576K
}
Event: 9486.429 GC heap after
{Heap after GC invocations=198 (full 0):
 garbage-first heap   total 243712K, used 158891K [0x0000000080000000, 0x0000000100000000)
  region size 1024K, 3 young (3072K), 3 survivors (3072K)
 Metaspace       used 145622K, capacity 149787K, committed 150732K, reserved 1181696K
  class space    used 17749K, capacity 19161K, committed 19456K, reserved 1048576K
}
Event: 9486.813 GC heap before
{Heap before GC invocations=198 (full 0):
 garbage-first heap   total 243712K, used 166059K [0x0000000080000000, 0x0000000100000000)
  region size 1024K, 11 young (11264K), 3 survivors (3072K)
 Metaspace       used 145632K, capacity 149790K, committed 150732K, reserved 1181696K
  class space    used 17750K, capacity 19162K, committed 19456K, reserved 1048576K
}
Event: 9486.838 GC heap after
{Heap after GC invocations=199 (full 0):
 garbage-first heap   total 243712K, used 157634K [0x0000000080000000, 0x0000000100000000)
  region size 1024K, 1 young (1024K), 1 survivors (1024K)
 Metaspace       used 145632K, capacity 149790K, committed 150732K, reserved 1181696K
  class space    used 17750K, capacity 19162K, committed 19456K, reserved 1048576K
}
Event: 9487.778 GC heap before
{Heap before GC invocations=199 (full 0):
 garbage-first heap   total 243712K, used 194498K [0x0000000080000000, 0x0000000100000000)
  region size 1024K, 38 young (38912K), 1 survivors (1024K)
 Metaspace       used 146111K, capacity 150238K, committed 151244K, reserved 1181696K
  class space    used 17792K, capacity 19226K, committed 19456K, reserved 1048576K
}
Event: 9487.823 GC heap after
{Heap after GC invocations=200 (full 0):
 garbage-first heap   total 243712K, used 159332K [0x0000000080000000, 0x0000000100000000)
  region size 1024K, 3 young (3072K), 3 survivors (3072K)
 Metaspace       used 146111K, capacity 150238K, committed 151244K, reserved 1181696K
  class space    used 17792K, capacity 19226K, committed 19456K, reserved 1048576K
}
Event: 9489.461 GC heap before
{Heap before GC invocations=201 (full 0):
 garbage-first heap   total 243712K, used 189028K [0x0000000080000000, 0x0000000100000000)
  region size 1024K, 40 young (40960K), 3 survivors (3072K)
 Metaspace       used 147560K, capacity 151684K, committed 152652K, reserved 1181696K
  class space    used 17904K, capacity 19323K, committed 19584K, reserved 1048576K
}
Event: 9489.484 GC heap after
{Heap after GC invocations=202 (full 0):
 garbage-first heap   total 243712K, used 155531K [0x0000000080000000, 0x0000000100000000)
  region size 1024K, 5 young (5120K), 5 survivors (5120K)
 Metaspace       used 147560K, capacity 151684K, committed 152652K, reserved 1181696K
  class space    used 17904K, capacity 19323K, committed 19584K, reserved 1048576K
}
Event: 9489.647 GC heap before
{Heap before GC invocations=202 (full 0):
 garbage-first heap   total 243712K, used 160651K [0x0000000080000000, 0x0000000100000000)
  region size 1024K, 11 young (11264K), 5 survivors (5120K)
 Metaspace       used 147659K, capacity 151812K, committed 152908K, reserved 1183744K
  class space    used 17911K, capacity 19323K, committed 19584K, reserved 1048576K
}
Event: 9489.706 GC heap after
{Heap after GC invocations=203 (full 0):
 garbage-first heap   total 243712K, used 144424K [0x0000000080000000, 0x0000000100000000)
  region size 1024K, 2 young (2048K), 2 survivors (2048K)
 Metaspace       used 147659K, capacity 151812K, committed 152908K, reserved 1183744K
  class space    used 17911K, capacity 19323K, committed 19584K, reserved 1048576K
}
Event: 9491.738 GC heap before
{Heap before GC invocations=203 (full 0):
 garbage-first heap   total 243712K, used 188456K [0x0000000080000000, 0x0000000100000000)
  region size 1024K, 46 young (47104K), 2 survivors (2048K)
 Metaspace       used 148603K, capacity 152812K, committed 153804K, reserved 1183744K
  class space    used 18011K, capacity 19436K, committed 19712K, reserved 1048576K
}
Event: 9491.760 GC heap after
{Heap after GC invocations=204 (full 0):
 garbage-first heap   total 243712K, used 146415K [0x0000000080000000, 0x0000000100000000)
  region size 1024K, 4 young (4096K), 4 survivors (4096K)
 Metaspace       used 148603K, capacity 152812K, committed 153804K, reserved 1183744K
  class space    used 18011K, capacity 19436K, committed 19712K, reserved 1048576K
}
Event: 9512.980 GC heap before
{Heap before GC invocations=205 (full 0):
 garbage-first heap   total 243712K, used 191471K [0x0000000080000000, 0x0000000100000000)
  region size 1024K, 49 young (50176K), 4 survivors (4096K)
 Metaspace       used 148676K, capacity 152918K, committed 153804K, reserved 1183744K
  class space    used 18015K, capacity 19443K, committed 19712K, reserved 1048576K
}
Event: 9513.191 GC heap after
{Heap after GC invocations=206 (full 0):
 garbage-first heap   total 243712K, used 151552K [0x0000000080000000, 0x0000000100000000)
  region size 1024K, 7 young (7168K), 7 survivors (7168K)
 Metaspace       used 148676K, capacity 152918K, committed 153804K, reserved 1183744K
  class space    used 18015K, capacity 19443K, committed 19712K, reserved 1048576K
}
Event: 9513.294 GC heap before
{Heap before GC invocations=206 (full 0):
 garbage-first heap   total 243712K, used 154624K [0x0000000080000000, 0x0000000100000000)
  region size 1024K, 11 young (11264K), 7 survivors (7168K)
 Metaspace       used 148676K, capacity 152918K, committed 153804K, reserved 1183744K
  class space    used 18015K, capacity 19443K, committed 19712K, reserved 1048576K
}
Event: 9513.478 GC heap after
{Heap after GC invocations=207 (full 0):
 garbage-first heap   total 243712K, used 146471K [0x0000000080000000, 0x0000000100000000)
  region size 1024K, 1 young (1024K), 1 survivors (1024K)
 Metaspace       used 148676K, capacity 152918K, committed 153804K, reserved 1183744K
  class space    used 18015K, capacity 19443K, committed 19712K, reserved 1048576K
}
Event: 9516.525 GC heap before
{Heap before GC invocations=207 (full 0):
 garbage-first heap   total 243712K, used 191527K [0x0000000080000000, 0x0000000100000000)
  region size 1024K, 46 young (47104K), 1 survivors (1024K)
 Metaspace       used 148680K, capacity 152918K, committed 153804K, reserved 1183744K
  class space    used 18015K, capacity 19443K, committed 19712K, reserved 1048576K
}
Event: 9516.577 GC heap after
{Heap after GC invocations=208 (full 0):
 garbage-first heap   total 318464K, used 146943K [0x0000000080000000, 0x0000000100000000)
  region size 1024K, 2 young (2048K), 2 survivors (2048K)
 Metaspace       used 148680K, capacity 152918K, committed 153804K, reserved 1183744K
  class space    used 18015K, capacity 19443K, committed 19712K, reserved 1048576K
}

