# JRE version: Java(TM) SE Runtime Environment (8.0_271-b09) (build 1.8.0_271-b09)
# Java VM: Java HotSpot(TM) 64-Bit Server VM (25.271-b09 mixed mode windows-amd64 compressed oops)
Heap:
 PSYoungGen      total 130048K, used 23642K [0x00000000eb200000, 0x00000000f4600000, 0x0000000100000000)
  eden space 108544K, 1% used [0x00000000eb200000,0x00000000eb41e070,0x00000000f1c00000)
  from space 21504K, 99% used [0x00000000f1c00000,0x00000000f30f8ad0,0x00000000f3100000)
  to   space 19456K, 0% used [0x00000000f3200000,0x00000000f3200000,0x00000000f4500000)
 ParOldGen       total 75264K, used 35622K [0x00000000c1600000, 0x00000000c5f80000, 0x00000000eb200000)
  object space 75264K, 47% used [0x00000000c1600000,0x00000000c38c9a80,0x00000000c5f80000)
 Metaspace       used 46341K, capacity 47152K, committed 47744K, reserved 1091584K
  class space    used 5701K, capacity 5912K, committed 6016K, reserved 1048576K
GC Heap History (10 events):
Event: 3.034 GC heap before
{Heap before GC invocations=7 (full 1):
 PSYoungGen      total 82432K, used 2672K [0x00000000eb200000, 0x00000000f1300000, 0x0000000100000000)
  eden space 65536K, 0% used [0x00000000eb200000,0x00000000eb200000,0x00000000ef200000)
  from space 16896K, 15% used [0x00000000f0280000,0x00000000f051c030,0x00000000f1300000)
  to   space 16896K, 0% used [0x00000000ef200000,0x00000000ef200000,0x00000000f0280000)
 ParOldGen       total 44032K, used 27917K [0x00000000c1600000, 0x00000000c4100000, 0x00000000eb200000)
  object space 44032K, 63% used [0x00000000c1600000,0x00000000c31434c0,0x00000000c4100000)
 Metaspace       used 20647K, capacity 21070K, committed 21248K, reserved 1069056K
  class space    used 2426K, capacity 2552K, committed 2560K, reserved 1048576K
Event: 3.249 GC heap after
Heap after GC invocations=7 (full 1):
 PSYoungGen      total 82432K, used 0K [0x00000000eb200000, 0x00000000f1300000, 0x0000000100000000)
  eden space 65536K, 0% used [0x00000000eb200000,0x00000000eb200000,0x00000000ef200000)
  from space 16896K, 0% used [0x00000000f0280000,0x00000000f0280000,0x00000000f1300000)
  to   space 16896K, 0% used [0x00000000ef200000,0x00000000ef200000,0x00000000f0280000)
 ParOldGen       total 59392K, used 25079K [0x00000000c1600000, 0x00000000c5000000, 0x00000000eb200000)
  object space 59392K, 42% used [0x00000000c1600000,0x00000000c2e7dd30,0x00000000c5000000)
 Metaspace       used 20647K, capacity 21070K, committed 21248K, reserved 1069056K
  class space    used 2426K, capacity 2552K, committed 2560K, reserved 1048576K
}
Event: 5.698 GC heap before
{Heap before GC invocations=8 (full 1):
 PSYoungGen      total 82432K, used 65536K [0x00000000eb200000, 0x00000000f1300000, 0x0000000100000000)
  eden space 65536K, 100% used [0x00000000eb200000,0x00000000ef200000,0x00000000ef200000)
  from space 16896K, 0% used [0x00000000f0280000,0x00000000f0280000,0x00000000f1300000)
  to   space 16896K, 0% used [0x00000000ef200000,0x00000000ef200000,0x00000000f0280000)
 ParOldGen       total 59392K, used 25079K [0x00000000c1600000, 0x00000000c5000000, 0x00000000eb200000)
  object space 59392K, 42% used [0x00000000c1600000,0x00000000c2e7dd30,0x00000000c5000000)
 Metaspace       used 29133K, capacity 29676K, committed 30080K, reserved 1075200K
  class space    used 3708K, capacity 3894K, committed 3968K, reserved 1048576K
Event: 5.734 GC heap after
Heap after GC invocations=8 (full 1):
 PSYoungGen      total 82432K, used 14427K [0x00000000eb200000, 0x00000000f4500000, 0x0000000100000000)
  eden space 65536K, 0% used [0x00000000eb200000,0x00000000eb200000,0x00000000ef200000)
  from space 16896K, 85% used [0x00000000ef200000,0x00000000f0016e38,0x00000000f0280000)
  to   space 19456K, 0% used [0x00000000f3200000,0x00000000f3200000,0x00000000f4500000)
 ParOldGen       total 59392K, used 25087K [0x00000000c1600000, 0x00000000c5000000, 0x00000000eb200000)
  object space 59392K, 42% used [0x00000000c1600000,0x00000000c2e7fd30,0x00000000c5000000)
 Metaspace       used 29133K, capacity 29676K, committed 30080K, reserved 1075200K
  class space    used 3708K, capacity 3894K, committed 3968K, reserved 1048576K
}
Event: 6.629 GC heap before
{Heap before GC invocations=9 (full 1):
 PSYoungGen      total 82432K, used 49576K [0x00000000eb200000, 0x00000000f4500000, 0x0000000100000000)
  eden space 65536K, 53% used [0x00000000eb200000,0x00000000ed453328,0x00000000ef200000)
  from space 16896K, 85% used [0x00000000ef200000,0x00000000f0016e38,0x00000000f0280000)
  to   space 19456K, 0% used [0x00000000f3200000,0x00000000f3200000,0x00000000f4500000)
 ParOldGen       total 59392K, used 25087K [0x00000000c1600000, 0x00000000c5000000, 0x00000000eb200000)
  object space 59392K, 42% used [0x00000000c1600000,0x00000000c2e7fd30,0x00000000c5000000)
 Metaspace       used 34556K, capacity 35084K, committed 35416K, reserved 1081344K
  class space    used 4381K, capacity 4540K, committed 4608K, reserved 1048576K
Event: 6.669 GC heap after
Heap after GC invocations=9 (full 1):
 PSYoungGen      total 128000K, used 15944K [0x00000000eb200000, 0x00000000f4600000, 0x0000000100000000)
  eden space 108544K, 0% used [0x00000000eb200000,0x00000000eb200000,0x00000000f1c00000)
  from space 19456K, 81% used [0x00000000f3200000,0x00000000f41920b0,0x00000000f4500000)
  to   space 21504K, 0% used [0x00000000f1c00000,0x00000000f1c00000,0x00000000f3100000)
 ParOldGen       total 59392K, used 25095K [0x00000000c1600000, 0x00000000c5000000, 0x00000000eb200000)
  object space 59392K, 42% used [0x00000000c1600000,0x00000000c2e81d30,0x00000000c5000000)
 Metaspace       used 34556K, capacity 35084K, committed 35416K, reserved 1081344K
  class space    used 4381K, capacity 4540K, committed 4608K, reserved 1048576K
}
Event: 6.669 GC heap before
{Heap before GC invocations=10 (full 2):
 PSYoungGen      total 128000K, used 15944K [0x00000000eb200000, 0x00000000f4600000, 0x0000000100000000)
  eden space 108544K, 0% used [0x00000000eb200000,0x00000000eb200000,0x00000000f1c00000)
  from space 19456K, 81% used [0x00000000f3200000,0x00000000f41920b0,0x00000000f4500000)
  to   space 21504K, 0% used [0x00000000f1c00000,0x00000000f1c00000,0x00000000f3100000)
 ParOldGen       total 59392K, used 25095K [0x00000000c1600000, 0x00000000c5000000, 0x00000000eb200000)
  object space 59392K, 42% used [0x00000000c1600000,0x00000000c2e81d30,0x00000000c5000000)
 Metaspace       used 34556K, capacity 35084K, committed 35416K, reserved 1081344K
  class space    used 4381K, capacity 4540K, committed 4608K, reserved 1048576K
Event: 6.826 GC heap after
Heap after GC invocations=10 (full 2):
 PSYoungGen      total 128000K, used 0K [0x00000000eb200000, 0x00000000f4600000, 0x0000000100000000)
  eden space 108544K, 0% used [0x00000000eb200000,0x00000000eb200000,0x00000000f1c00000)
  from space 19456K, 0% used [0x00000000f3200000,0x00000000f3200000,0x00000000f4500000)
  to   space 21504K, 0% used [0x00000000f1c00000,0x00000000f1c00000,0x00000000f3100000)
 ParOldGen       total 75264K, used 34706K [0x00000000c1600000, 0x00000000c5f80000, 0x00000000eb200000)
  object space 75264K, 46% used [0x00000000c1600000,0x00000000c37e48b0,0x00000000c5f80000)
 Metaspace       used 34556K, capacity 35084K, committed 35416K, reserved 1081344K
  class space    used 4381K, capacity 4540K, committed 4608K, reserved 1048576K
}
Event: 10.924 GC heap before
{Heap before GC invocations=11 (full 2):
 PSYoungGen      total 128000K, used 108544K [0x00000000eb200000, 0x00000000f4600000, 0x0000000100000000)
  eden space 108544K, 100% used [0x00000000eb200000,0x00000000f1c00000,0x00000000f1c00000)
  from space 19456K, 0% used [0x00000000f3200000,0x00000000f3200000,0x00000000f4500000)
  to   space 21504K, 0% used [0x00000000f1c00000,0x00000000f1c00000,0x00000000f3100000)
 ParOldGen       total 75264K, used 34706K [0x00000000c1600000, 0x00000000c5f80000, 0x00000000eb200000)
  object space 75264K, 46% used [0x00000000c1600000,0x00000000c37e48b0,0x00000000c5f80000)
 Metaspace       used 46211K, capacity 47010K, committed 47488K, reserved 1091584K
  class space    used 5690K, capacity 5909K, committed 6016K, reserved 1048576K
Event: 11.013 GC heap after
Heap after GC invocations=11 (full 2):
 PSYoungGen      total 130048K, used 21474K [0x00000000eb200000, 0x00000000f4600000, 0x0000000100000000)
  eden space 108544K, 0% used [0x00000000eb200000,0x00000000eb200000,0x00000000f1c00000)
  from space 21504K, 99% used [0x00000000f1c00000,0x00000000f30f8ad0,0x00000000f3100000)
  to   space 19456K, 0% used [0x00000000f3200000,0x00000000f3200000,0x00000000f4500000)
 ParOldGen       total 75264K, used 35622K [0x00000000c1600000, 0x00000000c5f80000, 0x00000000eb200000)
  object space 75264K, 47% used [0x00000000c1600000,0x00000000c38c9a80,0x00000000c5f80000)
 Metaspace       used 46211K, capacity 47010K, committed 47488K, reserved 1091584K
  class space    used 5690K, capacity 5909K, committed 6016K, reserved 1048576K
}

